<?xml version="1.0" encoding="UTF-8"?>
<!-- Generated by org.testng.reporters.JUnitXMLReporter -->
<testsuite ignored="0" hostname="DESKTOP-DBJQC0I" failures="0" tests="10" name="testing1" time="69.961" errors="0" timestamp="2023-12-19T11:46:09 IST">
  <testcase classname="parallelExe.ParallelTest1" name="testcase1" time="20.897"/>
  <testcase classname="parallelExe.ParallelTest1" name="testcase2" time="5.034"/>
  <testcase classname="parallelExe.ParallelTest1" name="testcase3" time="5.441"/>
  <testcase classname="parallelExe.ParallelTest1" name="testcase4" time="5.405"/>
  <testcase classname="parallelExe.ParallelTest1" name="testcase5" time="0.34"/>
  <testcase classname="parallelExe.ParallelTest4" name="testcase1" time="15.786"/>
  <testcase classname="parallelExe.ParallelTest4" name="testcase2" time="5.04"/>
  <testcase classname="parallelExe.ParallelTest4" name="testcase3" time="5.633"/>
  <testcase classname="parallelExe.ParallelTest4" name="testcase4" time="5.735"/>
  <testcase classname="parallelExe.ParallelTest4" name="testcase5" time="0.434"/>
</testsuite> <!-- testing1 -->
