<?xml version="1.0" encoding="UTF-8"?>
<!-- Generated by org.testng.reporters.JUnitXMLReporter -->
<testsuite ignored="0" hostname="DESKTOP-DBJQC0I" failures="0" tests="10" name="testing2" time="69.68" errors="0" timestamp="2023-12-19T11:46:09 IST">
  <testcase classname="parallelExe.ParallelTest2" name="testcase1" time="21.284"/>
  <testcase classname="parallelExe.ParallelTest2" name="testcase2" time="5.294"/>
  <testcase classname="parallelExe.ParallelTest2" name="testcase3" time="5.39"/>
  <testcase classname="parallelExe.ParallelTest2" name="testcase4" time="5.729"/>
  <testcase classname="parallelExe.ParallelTest2" name="testcase5" time="0.495"/>
  <testcase classname="parallelExe.ParallelTest5" name="testcase1" time="14.79"/>
  <testcase classname="parallelExe.ParallelTest5" name="testcase2" time="5.095"/>
  <testcase classname="parallelExe.ParallelTest5" name="testcase3" time="5.31"/>
  <testcase classname="parallelExe.ParallelTest5" name="testcase4" time="5.691"/>
  <testcase classname="parallelExe.ParallelTest5" name="testcase5" time="0.231"/>
</testsuite> <!-- testing2 -->
