<?xml version="1.0" encoding="UTF-8"?>
<!-- Generated by org.testng.reporters.JUnitXMLReporter -->
<testsuite ignored="0" hostname="DESKTOP-DBJQC0I" failures="0" tests="5" name="testing3" time="38.281" errors="0" timestamp="2023-12-19T11:45:37 IST">
  <testcase classname="parallelExe.ParallelTest3" name="testcase1" time="21.44"/>
  <testcase classname="parallelExe.ParallelTest3" name="testcase2" time="5.134"/>
  <testcase classname="parallelExe.ParallelTest3" name="testcase3" time="5.468"/>
  <testcase classname="parallelExe.ParallelTest3" name="testcase4" time="5.758"/>
  <testcase classname="parallelExe.ParallelTest3" name="testcase5" time="0.318"/>
</testsuite> <!-- testing3 -->
