<?xml version="1.0" encoding="UTF-8"?>
<!-- Generated by org.testng.reporters.JUnitXMLReporter -->
<testsuite ignored="0" hostname="DESKTOP-DBJQC0I" failures="0" tests="5" name="Test12" time="31.201" errors="0" timestamp="2023-12-19T00:54:17 IST">
  <testcase classname="testNGpractice.Test1" name="testcase1" time="15.006"/>
  <testcase classname="testNGpractice.Test1" name="testcase2" time="5.046"/>
  <testcase classname="testNGpractice.Test1" name="testcase3" time="5.384"/>
  <testcase classname="testNGpractice.Test1" name="testcase4" time="5.412"/>
  <testcase classname="testNGpractice.Test1" name="testcase5" time="0.229"/>
</testsuite> <!-- Test12 -->
