<?xml version="1.0" encoding="UTF-8"?>
<!-- Generated by org.testng.reporters.JUnitXMLReporter -->
<testsuite ignored="1" hostname="DESKTOP-DBJQC0I" failures="0" tests="4" name="Default test" time="21.851" errors="0" timestamp="2023-12-15T11:57:14 IST">
  <testcase classname="testNGpractice.Test1" name="testcase1" time="10.853"/>
  <testcase classname="testNGpractice.Test1" name="testcase2" time="5.072"/>
  <testcase classname="testNGpractice.Test1" name="testcase3" time="5.328"/>
  <testcase classname="testNGpractice.Test1" name="testcase5" time="0.468"/>
  <testcase classname="testNGpractice.Test1" name="testcase4" time="0.0">
    <ignored/>
  </testcase> <!-- testcase4 -->
</testsuite> <!-- Default test -->
